# JRE version: Java(TM) SE Runtime Environment (23.0.2+7) (build 23.0.2+7-58)
# Java VM: Java HotSpot(TM) 64-Bit Server VM (23.0.2+7-58, mixed mode, sharing, tiered, compressed oops, compressed class ptrs, g1 gc, windows-amd64)
GC Precious Log:
 CardTable entry size: 512
 Card Set container configuration: InlinePtr #cards 5 size 8 Array Of Cards #cards 10 size 36 Howl #buckets 4 coarsen threshold 1843 Howl Bitmap #cards 512 size 80 coarsen threshold 460 Card regions per heap region 1 cards per card region 2048
 CPUs: 12 total, 12 available
 Memory: 15720M
 Large Page Support: Disabled
 NUMA Support: Disabled
 Compressed Oops: Enabled (32-bit)
 Heap Region Size: 1M
 Heap Min Capacity: 8M
 Heap Initial Capacity: 246M
 Heap Max Capacity: 2G
 Pre-touch: Disabled
 Parallel Workers: 10
 Concurrent Workers: 3
 Concurrent Refinement Workers: 10
 Periodic GC: Disabled
Heap:
 garbage-first heap   total reserved 2097152K, committed 226304K, used 167675K [0x0000000080000000, 0x0000000100000000)
  region size 1024K, 19 young (19456K), 7 survivors (7168K)
 Metaspace       used 138296K, committed 140992K, reserved 1179648K
  class space    used 19006K, committed 20288K, reserved 1048576K
GC Heap History (20 events):
Event: 11.827 GC heap before
{Heap before GC invocations=34 (full 0):
 garbage-first heap   total reserved 2097152K, committed 153600K, used 139559K [0x0000000080000000, 0x0000000100000000)
  region size 1024K, 53 young (54272K), 4 survivors (4096K)
 Metaspace       used 114355K, committed 116800K, reserved 1179648K
  class space    used 15603K, committed 16768K, reserved 1048576K
}
Event: 11.830 GC heap after
{Heap after GC invocations=35 (full 0):
 garbage-first heap   total reserved 2097152K, committed 184320K, used 91308K [0x0000000080000000, 0x0000000100000000)
  region size 1024K, 6 young (6144K), 6 survivors (6144K)
 Metaspace       used 114355K, committed 116800K, reserved 1179648K
  class space    used 15603K, committed 16768K, reserved 1048576K
}
Event: 12.568 GC heap before
{Heap before GC invocations=36 (full 0):
 garbage-first heap   total reserved 2097152K, committed 184320K, used 172204K [0x0000000080000000, 0x0000000100000000)
  region size 1024K, 80 young (81920K), 6 survivors (6144K)
 Metaspace       used 117257K, committed 119744K, reserved 1179648K
  class space    used 16025K, committed 17216K, reserved 1048576K
}
Event: 12.573 GC heap after
{Heap after GC invocations=37 (full 0):
 garbage-first heap   total reserved 2097152K, committed 187392K, used 104733K [0x0000000080000000, 0x0000000100000000)
  region size 1024K, 10 young (10240K), 10 survivors (10240K)
 Metaspace       used 117257K, committed 119744K, reserved 1179648K
  class space    used 16025K, committed 17216K, reserved 1048576K
}
Event: 13.229 GC heap before
{Heap before GC invocations=37 (full 0):
 garbage-first heap   total reserved 2097152K, committed 187392K, used 169245K [0x0000000080000000, 0x0000000100000000)
  region size 1024K, 70 young (71680K), 10 survivors (10240K)
 Metaspace       used 122718K, committed 125248K, reserved 1179648K
  class space    used 16776K, committed 17984K, reserved 1048576K
}
Event: 13.236 GC heap after
{Heap after GC invocations=38 (full 0):
 garbage-first heap   total reserved 2097152K, committed 187392K, used 104583K [0x0000000080000000, 0x0000000100000000)
  region size 1024K, 4 young (4096K), 4 survivors (4096K)
 Metaspace       used 122718K, committed 125248K, reserved 1179648K
  class space    used 16776K, committed 17984K, reserved 1048576K
}
Event: 13.761 GC heap before
{Heap before GC invocations=38 (full 0):
 garbage-first heap   total reserved 2097152K, committed 187392K, used 169095K [0x0000000080000000, 0x0000000100000000)
  region size 1024K, 68 young (69632K), 4 survivors (4096K)
 Metaspace       used 125164K, committed 127680K, reserved 1179648K
  class space    used 17141K, committed 18368K, reserved 1048576K
}
Event: 13.767 GC heap after
{Heap after GC invocations=39 (full 0):
 garbage-first heap   total reserved 2097152K, committed 187392K, used 111281K [0x0000000080000000, 0x0000000100000000)
  region size 1024K, 9 young (9216K), 9 survivors (9216K)
 Metaspace       used 125164K, committed 127680K, reserved 1179648K
  class space    used 17141K, committed 18368K, reserved 1048576K
}
Event: 13.943 GC heap before
{Heap before GC invocations=40 (full 0):
 garbage-first heap   total reserved 2097152K, committed 187392K, used 168625K [0x0000000080000000, 0x0000000100000000)
  region size 1024K, 64 young (65536K), 9 survivors (9216K)
 Metaspace       used 125234K, committed 127744K, reserved 1179648K
  class space    used 17141K, committed 18368K, reserved 1048576K
}
Event: 13.951 GC heap after
{Heap after GC invocations=41 (full 0):
 garbage-first heap   total reserved 2097152K, committed 189440K, used 122839K [0x0000000080000000, 0x0000000100000000)
  region size 1024K, 8 young (8192K), 8 survivors (8192K)
 Metaspace       used 125234K, committed 127744K, reserved 1179648K
  class space    used 17141K, committed 18368K, reserved 1048576K
}
Event: 14.244 GC heap before
{Heap before GC invocations=41 (full 0):
 garbage-first heap   total reserved 2097152K, committed 189440K, used 169943K [0x0000000080000000, 0x0000000100000000)
  region size 1024K, 54 young (55296K), 8 survivors (8192K)
 Metaspace       used 125618K, committed 128128K, reserved 1179648K
  class space    used 17152K, committed 18368K, reserved 1048576K
}
Event: 14.253 GC heap after
{Heap after GC invocations=42 (full 0):
 garbage-first heap   total reserved 2097152K, committed 189440K, used 124484K [0x0000000080000000, 0x0000000100000000)
  region size 1024K, 7 young (7168K), 7 survivors (7168K)
 Metaspace       used 125618K, committed 128128K, reserved 1179648K
  class space    used 17152K, committed 18368K, reserved 1048576K
}
Event: 14.776 GC heap before
{Heap before GC invocations=42 (full 0):
 garbage-first heap   total reserved 2097152K, committed 189440K, used 170564K [0x0000000080000000, 0x0000000100000000)
  region size 1024K, 52 young (53248K), 7 survivors (7168K)
 Metaspace       used 128828K, committed 131392K, reserved 1179648K
  class space    used 17655K, committed 18880K, reserved 1048576K
}
Event: 14.781 GC heap after
{Heap after GC invocations=43 (full 0):
 garbage-first heap   total reserved 2097152K, committed 189440K, used 121573K [0x0000000080000000, 0x0000000100000000)
  region size 1024K, 4 young (4096K), 4 survivors (4096K)
 Metaspace       used 128828K, committed 131392K, reserved 1179648K
  class space    used 17655K, committed 18880K, reserved 1048576K
}
Event: 15.475 GC heap before
{Heap before GC invocations=44 (full 0):
 garbage-first heap   total reserved 2097152K, committed 204800K, used 169701K [0x0000000080000000, 0x0000000100000000)
  region size 1024K, 52 young (53248K), 4 survivors (4096K)
 Metaspace       used 132600K, committed 135232K, reserved 1179648K
  class space    used 18237K, committed 19456K, reserved 1048576K
}
Event: 15.480 GC heap after
{Heap after GC invocations=45 (full 0):
 garbage-first heap   total reserved 2097152K, committed 204800K, used 128000K [0x0000000080000000, 0x0000000100000000)
  region size 1024K, 7 young (7168K), 7 survivors (7168K)
 Metaspace       used 132600K, committed 135232K, reserved 1179648K
  class space    used 18237K, committed 19456K, reserved 1048576K
}
Event: 17.377 GC heap before
{Heap before GC invocations=45 (full 0):
 garbage-first heap   total reserved 2097152K, committed 204800K, used 189440K [0x0000000080000000, 0x0000000100000000)
  region size 1024K, 61 young (62464K), 7 survivors (7168K)
 Metaspace       used 138287K, committed 140992K, reserved 1179648K
  class space    used 19005K, committed 20288K, reserved 1048576K
}
Event: 17.384 GC heap after
{Heap after GC invocations=46 (full 0):
 garbage-first heap   total reserved 2097152K, committed 205824K, used 138198K [0x0000000080000000, 0x0000000100000000)
  region size 1024K, 5 young (5120K), 5 survivors (5120K)
 Metaspace       used 138287K, committed 140992K, reserved 1179648K
  class space    used 19005K, committed 20288K, reserved 1048576K
}
Event: 17.443 GC heap before
{Heap before GC invocations=46 (full 0):
 garbage-first heap   total reserved 2097152K, committed 205824K, used 163798K [0x0000000080000000, 0x0000000100000000)
  region size 1024K, 31 young (31744K), 5 survivors (5120K)
 Metaspace       used 138292K, committed 140992K, reserved 1179648K
  class space    used 19006K, committed 20288K, reserved 1048576K
}
Event: 17.451 GC heap after
{Heap after GC invocations=47 (full 0):
 garbage-first heap   total reserved 2097152K, committed 205824K, used 148219K [0x0000000080000000, 0x0000000100000000)
  region size 1024K, 7 young (7168K), 7 survivors (7168K)
 Metaspace       used 138292K, committed 140992K, reserved 1179648K
  class space    used 19006K, committed 20288K, reserved 1048576K
}

